{"F:\\desarrollo\\Proyectos\\Proyecto FullStack Logistica\\front\\logistica\\src\\services\\validators.js": {"path":"F:\\desarrollo\\Proyectos\\Proyecto FullStack Logistica\\front\\logistica\\src\\services\\validators.js","statementMap":{"0":{"start":{"line":16,"column":2},"end":{"line":16,"column":null}},"1":{"start":{"line":16,"column":29},"end":{"line":16,"column":43}},"2":{"start":{"line":21,"column":2},"end":{"line":22,"column":null}},"3":{"start":{"line":22,"column":4},"end":{"line":22,"column":null}},"4":{"start":{"line":23,"column":2},"end":{"line":24,"column":null}},"5":{"start":{"line":24,"column":4},"end":{"line":24,"column":null}},"6":{"start":{"line":25,"column":2},"end":{"line":26,"column":null}},"7":{"start":{"line":26,"column":4},"end":{"line":26,"column":null}},"8":{"start":{"line":27,"column":2},"end":{"line":28,"column":null}},"9":{"start":{"line":28,"column":4},"end":{"line":28,"column":null}},"10":{"start":{"line":29,"column":2},"end":{"line":30,"column":null}},"11":{"start":{"line":30,"column":4},"end":{"line":30,"column":null}},"12":{"start":{"line":31,"column":2},"end":{"line":32,"column":null}},"13":{"start":{"line":32,"column":4},"end":{"line":32,"column":null}},"14":{"start":{"line":33,"column":2},"end":{"line":34,"column":null}},"15":{"start":{"line":34,"column":4},"end":{"line":34,"column":null}},"16":{"start":{"line":35,"column":2},"end":{"line":35,"column":null}},"17":{"start":{"line":40,"column":2},"end":{"line":41,"column":null}},"18":{"start":{"line":41,"column":4},"end":{"line":41,"column":null}},"19":{"start":{"line":42,"column":2},"end":{"line":43,"column":null}},"20":{"start":{"line":43,"column":4},"end":{"line":43,"column":null}},"21":{"start":{"line":44,"column":2},"end":{"line":45,"column":null}},"22":{"start":{"line":45,"column":4},"end":{"line":45,"column":null}},"23":{"start":{"line":46,"column":2},"end":{"line":47,"column":null}},"24":{"start":{"line":47,"column":4},"end":{"line":47,"column":null}},"25":{"start":{"line":48,"column":2},"end":{"line":49,"column":null}},"26":{"start":{"line":49,"column":4},"end":{"line":49,"column":null}},"27":{"start":{"line":50,"column":2},"end":{"line":50,"column":null}},"28":{"start":{"line":55,"column":2},"end":{"line":56,"column":null}},"29":{"start":{"line":56,"column":4},"end":{"line":56,"column":null}},"30":{"start":{"line":57,"column":2},"end":{"line":58,"column":null}},"31":{"start":{"line":58,"column":4},"end":{"line":58,"column":null}},"32":{"start":{"line":59,"column":2},"end":{"line":60,"column":null}},"33":{"start":{"line":60,"column":4},"end":{"line":60,"column":null}},"34":{"start":{"line":61,"column":2},"end":{"line":68,"column":null}},"35":{"start":{"line":62,"column":4},"end":{"line":63,"column":null}},"36":{"start":{"line":63,"column":6},"end":{"line":63,"column":null}},"37":{"start":{"line":64,"column":4},"end":{"line":65,"column":null}},"38":{"start":{"line":65,"column":6},"end":{"line":65,"column":null}},"39":{"start":{"line":66,"column":4},"end":{"line":67,"column":null}},"40":{"start":{"line":67,"column":6},"end":{"line":67,"column":null}},"41":{"start":{"line":69,"column":2},"end":{"line":69,"column":null}},"42":{"start":{"line":74,"column":2},"end":{"line":75,"column":null}},"43":{"start":{"line":75,"column":4},"end":{"line":75,"column":null}},"44":{"start":{"line":76,"column":2},"end":{"line":77,"column":null}},"45":{"start":{"line":77,"column":4},"end":{"line":77,"column":null}},"46":{"start":{"line":78,"column":2},"end":{"line":79,"column":null}},"47":{"start":{"line":79,"column":4},"end":{"line":79,"column":null}},"48":{"start":{"line":80,"column":2},"end":{"line":81,"column":null}},"49":{"start":{"line":81,"column":4},"end":{"line":81,"column":null}},"50":{"start":{"line":82,"column":2},"end":{"line":87,"column":null}},"51":{"start":{"line":83,"column":4},"end":{"line":84,"column":null}},"52":{"start":{"line":84,"column":6},"end":{"line":84,"column":null}},"53":{"start":{"line":85,"column":4},"end":{"line":86,"column":null}},"54":{"start":{"line":86,"column":6},"end":{"line":86,"column":null}},"55":{"start":{"line":88,"column":2},"end":{"line":88,"column":null}},"56":{"start":{"line":93,"column":2},"end":{"line":94,"column":null}},"57":{"start":{"line":94,"column":4},"end":{"line":94,"column":null}},"58":{"start":{"line":95,"column":2},"end":{"line":96,"column":null}},"59":{"start":{"line":96,"column":4},"end":{"line":96,"column":null}},"60":{"start":{"line":97,"column":2},"end":{"line":98,"column":null}},"61":{"start":{"line":98,"column":4},"end":{"line":98,"column":null}},"62":{"start":{"line":99,"column":2},"end":{"line":99,"column":null}},"63":{"start":{"line":104,"column":2},"end":{"line":105,"column":null}},"64":{"start":{"line":105,"column":4},"end":{"line":105,"column":null}},"65":{"start":{"line":106,"column":2},"end":{"line":107,"column":null}},"66":{"start":{"line":107,"column":4},"end":{"line":107,"column":null}},"67":{"start":{"line":108,"column":2},"end":{"line":109,"column":null}},"68":{"start":{"line":109,"column":4},"end":{"line":109,"column":null}},"69":{"start":{"line":110,"column":2},"end":{"line":111,"column":null}},"70":{"start":{"line":111,"column":4},"end":{"line":111,"column":null}},"71":{"start":{"line":112,"column":2},"end":{"line":113,"column":null}},"72":{"start":{"line":113,"column":4},"end":{"line":113,"column":null}},"73":{"start":{"line":114,"column":2},"end":{"line":114,"column":null}},"74":{"start":{"line":119,"column":2},"end":{"line":120,"column":null}},"75":{"start":{"line":120,"column":4},"end":{"line":120,"column":null}},"76":{"start":{"line":121,"column":2},"end":{"line":122,"column":null}},"77":{"start":{"line":122,"column":4},"end":{"line":122,"column":null}},"78":{"start":{"line":123,"column":2},"end":{"line":124,"column":null}},"79":{"start":{"line":124,"column":4},"end":{"line":124,"column":null}},"80":{"start":{"line":125,"column":2},"end":{"line":126,"column":null}},"81":{"start":{"line":126,"column":4},"end":{"line":126,"column":null}},"82":{"start":{"line":127,"column":2},"end":{"line":127,"column":null}}},"fnMap":{"0":{"name":"_existe","decl":{"start":{"line":15,"column":9},"end":{"line":15,"column":16}},"loc":{"start":{"line":15,"column":28},"end":{"line":17,"column":null}},"line":15},"1":{"name":"(anonymous_1)","decl":{"start":{"line":16,"column":21},"end":{"line":16,"column":25}},"loc":{"start":{"line":16,"column":29},"end":{"line":16,"column":43}},"line":16},"2":{"name":"validateProducto","decl":{"start":{"line":20,"column":16},"end":{"line":20,"column":32}},"loc":{"start":{"line":20,"column":94},"end":{"line":36,"column":null}},"line":20},"3":{"name":"validateMovimiento","decl":{"start":{"line":39,"column":16},"end":{"line":39,"column":34}},"loc":{"start":{"line":39,"column":76},"end":{"line":51,"column":null}},"line":39},"4":{"name":"validateOrden","decl":{"start":{"line":54,"column":16},"end":{"line":54,"column":29}},"loc":{"start":{"line":54,"column":75},"end":{"line":70,"column":null}},"line":54},"5":{"name":"validateDespacho","decl":{"start":{"line":73,"column":16},"end":{"line":73,"column":32}},"loc":{"start":{"line":73,"column":89},"end":{"line":89,"column":null}},"line":73},"6":{"name":"validateCliente","decl":{"start":{"line":92,"column":16},"end":{"line":92,"column":31}},"loc":{"start":{"line":92,"column":37},"end":{"line":100,"column":null}},"line":92},"7":{"name":"validateTransferencia","decl":{"start":{"line":103,"column":16},"end":{"line":103,"column":37}},"loc":{"start":{"line":103,"column":78},"end":{"line":115,"column":null}},"line":103},"8":{"name":"validateUsuario","decl":{"start":{"line":118,"column":16},"end":{"line":118,"column":31}},"loc":{"start":{"line":118,"column":122},"end":{"line":128,"column":null}},"line":118}},"branchMap":{"0":{"loc":{"start":{"line":20,"column":41},"end":{"line":20,"column":56}},"type":"default-arg","locations":[{"start":{"line":20,"column":54},"end":{"line":20,"column":56}}],"line":20},"1":{"loc":{"start":{"line":20,"column":58},"end":{"line":20,"column":72}},"type":"default-arg","locations":[{"start":{"line":20,"column":70},"end":{"line":20,"column":72}}],"line":20},"2":{"loc":{"start":{"line":20,"column":74},"end":{"line":20,"column":90}},"type":"default-arg","locations":[{"start":{"line":20,"column":88},"end":{"line":20,"column":90}}],"line":20},"3":{"loc":{"start":{"line":21,"column":2},"end":{"line":22,"column":null}},"type":"if","locations":[{"start":{"line":21,"column":2},"end":{"line":22,"column":null}},{"start":{},"end":{}}],"line":21},"4":{"loc":{"start":{"line":23,"column":2},"end":{"line":24,"column":null}},"type":"if","locations":[{"start":{"line":23,"column":2},"end":{"line":24,"column":null}},{"start":{},"end":{}}],"line":23},"5":{"loc":{"start":{"line":25,"column":2},"end":{"line":26,"column":null}},"type":"if","locations":[{"start":{"line":25,"column":2},"end":{"line":26,"column":null}},{"start":{},"end":{}}],"line":25},"6":{"loc":{"start":{"line":25,"column":6},"end":{"line":25,"column":64}},"type":"binary-expr","locations":[{"start":{"line":25,"column":6},"end":{"line":25,"column":22}},{"start":{"line":25,"column":26},"end":{"line":25,"column":64}}],"line":25},"7":{"loc":{"start":{"line":27,"column":2},"end":{"line":28,"column":null}},"type":"if","locations":[{"start":{"line":27,"column":2},"end":{"line":28,"column":null}},{"start":{},"end":{}}],"line":27},"8":{"loc":{"start":{"line":27,"column":6},"end":{"line":27,"column":59}},"type":"binary-expr","locations":[{"start":{"line":27,"column":6},"end":{"line":27,"column":20}},{"start":{"line":27,"column":24},"end":{"line":27,"column":59}}],"line":27},"9":{"loc":{"start":{"line":29,"column":2},"end":{"line":30,"column":null}},"type":"if","locations":[{"start":{"line":29,"column":2},"end":{"line":30,"column":null}},{"start":{},"end":{}}],"line":29},"10":{"loc":{"start":{"line":29,"column":6},"end":{"line":29,"column":65}},"type":"binary-expr","locations":[{"start":{"line":29,"column":6},"end":{"line":29,"column":22}},{"start":{"line":29,"column":26},"end":{"line":29,"column":65}}],"line":29},"11":{"loc":{"start":{"line":31,"column":2},"end":{"line":32,"column":null}},"type":"if","locations":[{"start":{"line":31,"column":2},"end":{"line":32,"column":null}},{"start":{},"end":{}}],"line":31},"12":{"loc":{"start":{"line":31,"column":6},"end":{"line":31,"column":97}},"type":"binary-expr","locations":[{"start":{"line":31,"column":6},"end":{"line":31,"column":30}},{"start":{"line":31,"column":34},"end":{"line":31,"column":58}},{"start":{"line":31,"column":62},"end":{"line":31,"column":97}}],"line":31},"13":{"loc":{"start":{"line":33,"column":2},"end":{"line":34,"column":null}},"type":"if","locations":[{"start":{"line":33,"column":2},"end":{"line":34,"column":null}},{"start":{},"end":{}}],"line":33},"14":{"loc":{"start":{"line":33,"column":6},"end":{"line":33,"column":54}},"type":"binary-expr","locations":[{"start":{"line":33,"column":6},"end":{"line":33,"column":30}},{"start":{"line":33,"column":34},"end":{"line":33,"column":54}}],"line":33},"15":{"loc":{"start":{"line":39,"column":42},"end":{"line":39,"column":56}},"type":"default-arg","locations":[{"start":{"line":39,"column":54},"end":{"line":39,"column":56}}],"line":39},"16":{"loc":{"start":{"line":39,"column":58},"end":{"line":39,"column":72}},"type":"default-arg","locations":[{"start":{"line":39,"column":70},"end":{"line":39,"column":72}}],"line":39},"17":{"loc":{"start":{"line":40,"column":2},"end":{"line":41,"column":null}},"type":"if","locations":[{"start":{"line":40,"column":2},"end":{"line":41,"column":null}},{"start":{},"end":{}}],"line":40},"18":{"loc":{"start":{"line":42,"column":2},"end":{"line":43,"column":null}},"type":"if","locations":[{"start":{"line":42,"column":2},"end":{"line":43,"column":null}},{"start":{},"end":{}}],"line":42},"19":{"loc":{"start":{"line":44,"column":2},"end":{"line":45,"column":null}},"type":"if","locations":[{"start":{"line":44,"column":2},"end":{"line":45,"column":null}},{"start":{},"end":{}}],"line":44},"20":{"loc":{"start":{"line":44,"column":6},"end":{"line":44,"column":57}},"type":"binary-expr","locations":[{"start":{"line":44,"column":6},"end":{"line":44,"column":19}},{"start":{"line":44,"column":23},"end":{"line":44,"column":57}}],"line":44},"21":{"loc":{"start":{"line":46,"column":2},"end":{"line":47,"column":null}},"type":"if","locations":[{"start":{"line":46,"column":2},"end":{"line":47,"column":null}},{"start":{},"end":{}}],"line":46},"22":{"loc":{"start":{"line":46,"column":6},"end":{"line":46,"column":40}},"type":"binary-expr","locations":[{"start":{"line":46,"column":6},"end":{"line":46,"column":19}},{"start":{"line":46,"column":23},"end":{"line":46,"column":40}}],"line":46},"23":{"loc":{"start":{"line":48,"column":2},"end":{"line":49,"column":null}},"type":"if","locations":[{"start":{"line":48,"column":2},"end":{"line":49,"column":null}},{"start":{},"end":{}}],"line":48},"24":{"loc":{"start":{"line":48,"column":6},"end":{"line":48,"column":56}},"type":"binary-expr","locations":[{"start":{"line":48,"column":6},"end":{"line":48,"column":31}},{"start":{"line":48,"column":35},"end":{"line":48,"column":56}}],"line":48},"25":{"loc":{"start":{"line":54,"column":39},"end":{"line":54,"column":55}},"type":"default-arg","locations":[{"start":{"line":54,"column":53},"end":{"line":54,"column":55}}],"line":54},"26":{"loc":{"start":{"line":54,"column":57},"end":{"line":54,"column":71}},"type":"default-arg","locations":[{"start":{"line":54,"column":69},"end":{"line":54,"column":71}}],"line":54},"27":{"loc":{"start":{"line":55,"column":2},"end":{"line":56,"column":null}},"type":"if","locations":[{"start":{"line":55,"column":2},"end":{"line":56,"column":null}},{"start":{},"end":{}}],"line":55},"28":{"loc":{"start":{"line":57,"column":2},"end":{"line":58,"column":null}},"type":"if","locations":[{"start":{"line":57,"column":2},"end":{"line":58,"column":null}},{"start":{},"end":{}}],"line":57},"29":{"loc":{"start":{"line":59,"column":2},"end":{"line":60,"column":null}},"type":"if","locations":[{"start":{"line":59,"column":2},"end":{"line":60,"column":null}},{"start":{},"end":{}}],"line":59},"30":{"loc":{"start":{"line":62,"column":4},"end":{"line":63,"column":null}},"type":"if","locations":[{"start":{"line":62,"column":4},"end":{"line":63,"column":null}},{"start":{},"end":{}}],"line":62},"31":{"loc":{"start":{"line":64,"column":4},"end":{"line":65,"column":null}},"type":"if","locations":[{"start":{"line":64,"column":4},"end":{"line":65,"column":null}},{"start":{},"end":{}}],"line":64},"32":{"loc":{"start":{"line":64,"column":8},"end":{"line":64,"column":44}},"type":"binary-expr","locations":[{"start":{"line":64,"column":8},"end":{"line":64,"column":22}},{"start":{"line":64,"column":26},"end":{"line":64,"column":44}}],"line":64},"33":{"loc":{"start":{"line":66,"column":4},"end":{"line":67,"column":null}},"type":"if","locations":[{"start":{"line":66,"column":4},"end":{"line":67,"column":null}},{"start":{},"end":{}}],"line":66},"34":{"loc":{"start":{"line":66,"column":8},"end":{"line":66,"column":60}},"type":"binary-expr","locations":[{"start":{"line":66,"column":8},"end":{"line":66,"column":34}},{"start":{"line":66,"column":38},"end":{"line":66,"column":60}}],"line":66},"35":{"loc":{"start":{"line":73,"column":40},"end":{"line":73,"column":53}},"type":"default-arg","locations":[{"start":{"line":73,"column":51},"end":{"line":73,"column":53}}],"line":73},"36":{"loc":{"start":{"line":73,"column":55},"end":{"line":73,"column":69}},"type":"default-arg","locations":[{"start":{"line":73,"column":67},"end":{"line":73,"column":69}}],"line":73},"37":{"loc":{"start":{"line":73,"column":71},"end":{"line":73,"column":85}},"type":"default-arg","locations":[{"start":{"line":73,"column":83},"end":{"line":73,"column":85}}],"line":73},"38":{"loc":{"start":{"line":74,"column":2},"end":{"line":75,"column":null}},"type":"if","locations":[{"start":{"line":74,"column":2},"end":{"line":75,"column":null}},{"start":{},"end":{}}],"line":74},"39":{"loc":{"start":{"line":76,"column":2},"end":{"line":77,"column":null}},"type":"if","locations":[{"start":{"line":76,"column":2},"end":{"line":77,"column":null}},{"start":{},"end":{}}],"line":76},"40":{"loc":{"start":{"line":78,"column":2},"end":{"line":79,"column":null}},"type":"if","locations":[{"start":{"line":78,"column":2},"end":{"line":79,"column":null}},{"start":{},"end":{}}],"line":78},"41":{"loc":{"start":{"line":78,"column":6},"end":{"line":78,"column":57}},"type":"binary-expr","locations":[{"start":{"line":78,"column":6},"end":{"line":78,"column":19}},{"start":{"line":78,"column":23},"end":{"line":78,"column":57}}],"line":78},"42":{"loc":{"start":{"line":80,"column":2},"end":{"line":81,"column":null}},"type":"if","locations":[{"start":{"line":80,"column":2},"end":{"line":81,"column":null}},{"start":{},"end":{}}],"line":80},"43":{"loc":{"start":{"line":83,"column":4},"end":{"line":84,"column":null}},"type":"if","locations":[{"start":{"line":83,"column":4},"end":{"line":84,"column":null}},{"start":{},"end":{}}],"line":83},"44":{"loc":{"start":{"line":85,"column":4},"end":{"line":86,"column":null}},"type":"if","locations":[{"start":{"line":85,"column":4},"end":{"line":86,"column":null}},{"start":{},"end":{}}],"line":85},"45":{"loc":{"start":{"line":85,"column":8},"end":{"line":85,"column":44}},"type":"binary-expr","locations":[{"start":{"line":85,"column":8},"end":{"line":85,"column":22}},{"start":{"line":85,"column":26},"end":{"line":85,"column":44}}],"line":85},"46":{"loc":{"start":{"line":93,"column":2},"end":{"line":94,"column":null}},"type":"if","locations":[{"start":{"line":93,"column":2},"end":{"line":94,"column":null}},{"start":{},"end":{}}],"line":93},"47":{"loc":{"start":{"line":95,"column":2},"end":{"line":96,"column":null}},"type":"if","locations":[{"start":{"line":95,"column":2},"end":{"line":96,"column":null}},{"start":{},"end":{}}],"line":95},"48":{"loc":{"start":{"line":95,"column":6},"end":{"line":95,"column":51}},"type":"binary-expr","locations":[{"start":{"line":95,"column":6},"end":{"line":95,"column":13}},{"start":{"line":95,"column":17},"end":{"line":95,"column":51}}],"line":95},"49":{"loc":{"start":{"line":97,"column":2},"end":{"line":98,"column":null}},"type":"if","locations":[{"start":{"line":97,"column":2},"end":{"line":98,"column":null}},{"start":{},"end":{}}],"line":97},"50":{"loc":{"start":{"line":97,"column":6},"end":{"line":97,"column":71}},"type":"binary-expr","locations":[{"start":{"line":97,"column":6},"end":{"line":97,"column":15}},{"start":{"line":97,"column":19},"end":{"line":97,"column":71}}],"line":97},"51":{"loc":{"start":{"line":103,"column":44},"end":{"line":103,"column":58}},"type":"default-arg","locations":[{"start":{"line":103,"column":56},"end":{"line":103,"column":58}}],"line":103},"52":{"loc":{"start":{"line":103,"column":60},"end":{"line":103,"column":74}},"type":"default-arg","locations":[{"start":{"line":103,"column":72},"end":{"line":103,"column":74}}],"line":103},"53":{"loc":{"start":{"line":104,"column":2},"end":{"line":105,"column":null}},"type":"if","locations":[{"start":{"line":104,"column":2},"end":{"line":105,"column":null}},{"start":{},"end":{}}],"line":104},"54":{"loc":{"start":{"line":106,"column":2},"end":{"line":107,"column":null}},"type":"if","locations":[{"start":{"line":106,"column":2},"end":{"line":107,"column":null}},{"start":{},"end":{}}],"line":106},"55":{"loc":{"start":{"line":108,"column":2},"end":{"line":109,"column":null}},"type":"if","locations":[{"start":{"line":108,"column":2},"end":{"line":109,"column":null}},{"start":{},"end":{}}],"line":108},"56":{"loc":{"start":{"line":110,"column":2},"end":{"line":111,"column":null}},"type":"if","locations":[{"start":{"line":110,"column":2},"end":{"line":111,"column":null}},{"start":{},"end":{}}],"line":110},"57":{"loc":{"start":{"line":112,"column":2},"end":{"line":113,"column":null}},"type":"if","locations":[{"start":{"line":112,"column":2},"end":{"line":113,"column":null}},{"start":{},"end":{}}],"line":112},"58":{"loc":{"start":{"line":112,"column":6},"end":{"line":112,"column":38}},"type":"binary-expr","locations":[{"start":{"line":112,"column":6},"end":{"line":112,"column":18}},{"start":{"line":112,"column":22},"end":{"line":112,"column":38}}],"line":112},"59":{"loc":{"start":{"line":118,"column":35},"end":{"line":118,"column":120}},"type":"default-arg","locations":[{"start":{"line":118,"column":118},"end":{"line":118,"column":120}}],"line":118},"60":{"loc":{"start":{"line":118,"column":37},"end":{"line":118,"column":113}},"type":"default-arg","locations":[{"start":{"line":118,"column":52},"end":{"line":118,"column":113}}],"line":118},"61":{"loc":{"start":{"line":119,"column":2},"end":{"line":120,"column":null}},"type":"if","locations":[{"start":{"line":119,"column":2},"end":{"line":120,"column":null}},{"start":{},"end":{}}],"line":119},"62":{"loc":{"start":{"line":121,"column":2},"end":{"line":122,"column":null}},"type":"if","locations":[{"start":{"line":121,"column":2},"end":{"line":122,"column":null}},{"start":{},"end":{}}],"line":121},"63":{"loc":{"start":{"line":121,"column":6},"end":{"line":121,"column":76}},"type":"binary-expr","locations":[{"start":{"line":121,"column":6},"end":{"line":121,"column":22}},{"start":{"line":121,"column":26},"end":{"line":121,"column":76}}],"line":121},"64":{"loc":{"start":{"line":123,"column":2},"end":{"line":124,"column":null}},"type":"if","locations":[{"start":{"line":123,"column":2},"end":{"line":124,"column":null}},{"start":{},"end":{}}],"line":123},"65":{"loc":{"start":{"line":123,"column":6},"end":{"line":123,"column":34}},"type":"binary-expr","locations":[{"start":{"line":123,"column":6},"end":{"line":123,"column":11}},{"start":{"line":123,"column":15},"end":{"line":123,"column":34}}],"line":123},"66":{"loc":{"start":{"line":125,"column":2},"end":{"line":126,"column":null}},"type":"if","locations":[{"start":{"line":125,"column":2},"end":{"line":126,"column":null}},{"start":{},"end":{}}],"line":125},"67":{"loc":{"start":{"line":125,"column":6},"end":{"line":125,"column":44}},"type":"binary-expr","locations":[{"start":{"line":125,"column":6},"end":{"line":125,"column":11}},{"start":{"line":125,"column":15},"end":{"line":125,"column":44}}],"line":125}},"s":{"0":47,"1":54,"2":8,"3":1,"4":7,"5":1,"6":6,"7":1,"8":5,"9":1,"10":4,"11":1,"12":3,"13":1,"14":2,"15":1,"16":1,"17":7,"18":1,"19":6,"20":6,"21":5,"22":1,"23":4,"24":2,"25":2,"26":1,"27":1,"28":7,"29":1,"30":6,"31":6,"32":5,"33":1,"34":4,"35":4,"36":1,"37":3,"38":1,"39":2,"40":1,"41":1,"42":8,"43":1,"44":7,"45":7,"46":6,"47":1,"48":5,"49":1,"50":4,"51":4,"52":1,"53":3,"54":2,"55":1,"56":7,"57":1,"58":6,"59":2,"60":4,"61":1,"62":3,"63":6,"64":1,"65":5,"66":5,"67":4,"68":4,"69":3,"70":3,"71":2,"72":1,"73":1,"74":6,"75":1,"76":5,"77":1,"78":4,"79":1,"80":3,"81":1,"82":2},"f":{"0":47,"1":54,"2":8,"3":7,"4":7,"5":8,"6":7,"7":6,"8":6},"b":{"0":[8],"1":[8],"2":[8],"3":[1,7],"4":[1,6],"5":[1,5],"6":[6,1],"7":[1,4],"8":[5,1],"9":[1,3],"10":[4,1],"11":[1,2],"12":[3,1,1],"13":[1,1],"14":[2,1],"15":[7],"16":[7],"17":[1,6],"18":[1,5],"19":[1,4],"20":[5,1],"21":[2,2],"22":[4,3],"23":[1,1],"24":[2,2],"25":[7],"26":[7],"27":[1,6],"28":[1,5],"29":[1,4],"30":[1,3],"31":[1,2],"32":[3,2],"33":[1,1],"34":[2,2],"35":[8],"36":[8],"37":[8],"38":[1,7],"39":[1,6],"40":[1,5],"41":[6,1],"42":[1,4],"43":[1,3],"44":[2,1],"45":[3,2],"46":[1,6],"47":[2,4],"48":[6,3],"49":[1,3],"50":[4,2],"51":[6],"52":[6],"53":[1,5],"54":[1,4],"55":[1,3],"56":[1,2],"57":[1,1],"58":[2,1],"59":[6],"60":[6],"61":[1,5],"62":[1,4],"63":[5,5],"64":[1,3],"65":[4,3],"66":[1,2],"67":[3,3]},"meta":{"lastBranch":68,"lastFunction":9,"lastStatement":83,"seen":{"f:15:9:15:16":0,"s:16:2:16:Infinity":0,"f:16:21:16:25":1,"s:16:29:16:43":1,"f:20:16:20:32":2,"b:20:54:20:56":0,"b:20:70:20:72":1,"b:20:88:20:90":2,"b:21:2:22:Infinity:undefined:undefined:undefined:undefined":3,"s:21:2:22:Infinity":2,"s:22:4:22:Infinity":3,"b:23:2:24:Infinity:undefined:undefined:undefined:undefined":4,"s:23:2:24:Infinity":4,"s:24:4:24:Infinity":5,"b:25:2:26:Infinity:undefined:undefined:undefined:undefined":5,"s:25:2:26:Infinity":6,"b:25:6:25:22:25:26:25:64":6,"s:26:4:26:Infinity":7,"b:27:2:28:Infinity:undefined:undefined:undefined:undefined":7,"s:27:2:28:Infinity":8,"b:27:6:27:20:27:24:27:59":8,"s:28:4:28:Infinity":9,"b:29:2:30:Infinity:undefined:undefined:undefined:undefined":9,"s:29:2:30:Infinity":10,"b:29:6:29:22:29:26:29:65":10,"s:30:4:30:Infinity":11,"b:31:2:32:Infinity:undefined:undefined:undefined:undefined":11,"s:31:2:32:Infinity":12,"b:31:6:31:30:31:34:31:58:31:62:31:97":12,"s:32:4:32:Infinity":13,"b:33:2:34:Infinity:undefined:undefined:undefined:undefined":13,"s:33:2:34:Infinity":14,"b:33:6:33:30:33:34:33:54":14,"s:34:4:34:Infinity":15,"s:35:2:35:Infinity":16,"f:39:16:39:34":3,"b:39:54:39:56":15,"b:39:70:39:72":16,"b:40:2:41:Infinity:undefined:undefined:undefined:undefined":17,"s:40:2:41:Infinity":17,"s:41:4:41:Infinity":18,"b:42:2:43:Infinity:undefined:undefined:undefined:undefined":18,"s:42:2:43:Infinity":19,"s:43:4:43:Infinity":20,"b:44:2:45:Infinity:undefined:undefined:undefined:undefined":19,"s:44:2:45:Infinity":21,"b:44:6:44:19:44:23:44:57":20,"s:45:4:45:Infinity":22,"b:46:2:47:Infinity:undefined:undefined:undefined:undefined":21,"s:46:2:47:Infinity":23,"b:46:6:46:19:46:23:46:40":22,"s:47:4:47:Infinity":24,"b:48:2:49:Infinity:undefined:undefined:undefined:undefined":23,"s:48:2:49:Infinity":25,"b:48:6:48:31:48:35:48:56":24,"s:49:4:49:Infinity":26,"s:50:2:50:Infinity":27,"f:54:16:54:29":4,"b:54:53:54:55":25,"b:54:69:54:71":26,"b:55:2:56:Infinity:undefined:undefined:undefined:undefined":27,"s:55:2:56:Infinity":28,"s:56:4:56:Infinity":29,"b:57:2:58:Infinity:undefined:undefined:undefined:undefined":28,"s:57:2:58:Infinity":30,"s:58:4:58:Infinity":31,"b:59:2:60:Infinity:undefined:undefined:undefined:undefined":29,"s:59:2:60:Infinity":32,"s:60:4:60:Infinity":33,"s:61:2:68:Infinity":34,"b:62:4:63:Infinity:undefined:undefined:undefined:undefined":30,"s:62:4:63:Infinity":35,"s:63:6:63:Infinity":36,"b:64:4:65:Infinity:undefined:undefined:undefined:undefined":31,"s:64:4:65:Infinity":37,"b:64:8:64:22:64:26:64:44":32,"s:65:6:65:Infinity":38,"b:66:4:67:Infinity:undefined:undefined:undefined:undefined":33,"s:66:4:67:Infinity":39,"b:66:8:66:34:66:38:66:60":34,"s:67:6:67:Infinity":40,"s:69:2:69:Infinity":41,"f:73:16:73:32":5,"b:73:51:73:53":35,"b:73:67:73:69":36,"b:73:83:73:85":37,"b:74:2:75:Infinity:undefined:undefined:undefined:undefined":38,"s:74:2:75:Infinity":42,"s:75:4:75:Infinity":43,"b:76:2:77:Infinity:undefined:undefined:undefined:undefined":39,"s:76:2:77:Infinity":44,"s:77:4:77:Infinity":45,"b:78:2:79:Infinity:undefined:undefined:undefined:undefined":40,"s:78:2:79:Infinity":46,"b:78:6:78:19:78:23:78:57":41,"s:79:4:79:Infinity":47,"b:80:2:81:Infinity:undefined:undefined:undefined:undefined":42,"s:80:2:81:Infinity":48,"s:81:4:81:Infinity":49,"s:82:2:87:Infinity":50,"b:83:4:84:Infinity:undefined:undefined:undefined:undefined":43,"s:83:4:84:Infinity":51,"s:84:6:84:Infinity":52,"b:85:4:86:Infinity:undefined:undefined:undefined:undefined":44,"s:85:4:86:Infinity":53,"b:85:8:85:22:85:26:85:44":45,"s:86:6:86:Infinity":54,"s:88:2:88:Infinity":55,"f:92:16:92:31":6,"b:93:2:94:Infinity:undefined:undefined:undefined:undefined":46,"s:93:2:94:Infinity":56,"s:94:4:94:Infinity":57,"b:95:2:96:Infinity:undefined:undefined:undefined:undefined":47,"s:95:2:96:Infinity":58,"b:95:6:95:13:95:17:95:51":48,"s:96:4:96:Infinity":59,"b:97:2:98:Infinity:undefined:undefined:undefined:undefined":49,"s:97:2:98:Infinity":60,"b:97:6:97:15:97:19:97:71":50,"s:98:4:98:Infinity":61,"s:99:2:99:Infinity":62,"f:103:16:103:37":7,"b:103:56:103:58":51,"b:103:72:103:74":52,"b:104:2:105:Infinity:undefined:undefined:undefined:undefined":53,"s:104:2:105:Infinity":63,"s:105:4:105:Infinity":64,"b:106:2:107:Infinity:undefined:undefined:undefined:undefined":54,"s:106:2:107:Infinity":65,"s:107:4:107:Infinity":66,"b:108:2:109:Infinity:undefined:undefined:undefined:undefined":55,"s:108:2:109:Infinity":67,"s:109:4:109:Infinity":68,"b:110:2:111:Infinity:undefined:undefined:undefined:undefined":56,"s:110:2:111:Infinity":69,"s:111:4:111:Infinity":70,"b:112:2:113:Infinity:undefined:undefined:undefined:undefined":57,"s:112:2:113:Infinity":71,"b:112:6:112:18:112:22:112:38":58,"s:113:4:113:Infinity":72,"s:114:2:114:Infinity":73,"f:118:16:118:31":8,"b:118:118:118:120":59,"b:118:52:118:113":60,"b:119:2:120:Infinity:undefined:undefined:undefined:undefined":61,"s:119:2:120:Infinity":74,"s:120:4:120:Infinity":75,"b:121:2:122:Infinity:undefined:undefined:undefined:undefined":62,"s:121:2:122:Infinity":76,"b:121:6:121:22:121:26:121:76":63,"s:122:4:122:Infinity":77,"b:123:2:124:Infinity:undefined:undefined:undefined:undefined":64,"s:123:2:124:Infinity":78,"b:123:6:123:11:123:15:123:34":65,"s:124:4:124:Infinity":79,"b:125:2:126:Infinity:undefined:undefined:undefined:undefined":66,"s:125:2:126:Infinity":80,"b:125:6:125:11:125:15:125:44":67,"s:126:4:126:Infinity":81,"s:127:2:127:Infinity":82}}}
,"F:\\desarrollo\\Proyectos\\Proyecto FullStack Logistica\\front\\logistica\\src\\utils\\valorizacion.js": {"path":"F:\\desarrollo\\Proyectos\\Proyecto FullStack Logistica\\front\\logistica\\src\\utils\\valorizacion.js","statementMap":{"0":{"start":{"line":13,"column":24},"end":{"line":13,"column":null}},"1":{"start":{"line":13,"column":49},"end":{"line":13,"column":63}},"2":{"start":{"line":14,"column":24},"end":{"line":14,"column":null}},"3":{"start":{"line":14,"column":49},"end":{"line":14,"column":73}},"4":{"start":{"line":15,"column":2},"end":{"line":15,"column":null}},"5":{"start":{"line":15,"column":27},"end":{"line":15,"column":null}},"6":{"start":{"line":16,"column":2},"end":{"line":16,"column":null}},"7":{"start":{"line":27,"column":24},"end":{"line":27,"column":null}},"8":{"start":{"line":28,"column":24},"end":{"line":28,"column":null}},"9":{"start":{"line":28,"column":49},"end":{"line":28,"column":63}},"10":{"start":{"line":30,"column":2},"end":{"line":32,"column":null}},"11":{"start":{"line":31,"column":4},"end":{"line":31,"column":null}},"12":{"start":{"line":35,"column":21},"end":{"line":35,"column":null}},"13":{"start":{"line":36,"column":21},"end":{"line":37,"column":null}},"14":{"start":{"line":36,"column":39},"end":{"line":36,"column":78}},"15":{"start":{"line":37,"column":17},"end":{"line":37,"column":36}},"16":{"start":{"line":39,"column":2},"end":{"line":43,"column":null}},"17":{"start":{"line":54,"column":20},"end":{"line":54,"column":null}},"18":{"start":{"line":54,"column":48},"end":{"line":54,"column":85}},"19":{"start":{"line":55,"column":2},"end":{"line":55,"column":null}},"20":{"start":{"line":66,"column":20},"end":{"line":66,"column":null}},"21":{"start":{"line":66,"column":48},"end":{"line":66,"column":85}},"22":{"start":{"line":67,"column":2},"end":{"line":67,"column":null}},"23":{"start":{"line":74,"column":2},"end":{"line":79,"column":null}},"24":{"start":{"line":75,"column":17},"end":{"line":75,"column":null}},"25":{"start":{"line":76,"column":17},"end":{"line":76,"column":null}},"26":{"start":{"line":78,"column":17},"end":{"line":78,"column":null}},"27":{"start":{"line":86,"column":2},"end":{"line":86,"column":null}},"28":{"start":{"line":86,"column":40},"end":{"line":86,"column":null}},"29":{"start":{"line":88,"column":2},"end":{"line":103,"column":null}},"30":{"start":{"line":90,"column":18},"end":{"line":90,"column":null}},"31":{"start":{"line":91,"column":18},"end":{"line":91,"column":null}},"32":{"start":{"line":91,"column":43},"end":{"line":91,"column":57}},"33":{"start":{"line":92,"column":6},"end":{"line":92,"column":null}},"34":{"start":{"line":96,"column":6},"end":{"line":96,"column":null}},"35":{"start":{"line":96,"column":45},"end":{"line":96,"column":69}},"36":{"start":{"line":99,"column":6},"end":{"line":99,"column":null}},"37":{"start":{"line":99,"column":45},"end":{"line":99,"column":69}},"38":{"start":{"line":102,"column":6},"end":{"line":102,"column":null}},"39":{"start":{"line":102,"column":45},"end":{"line":102,"column":69}},"40":{"start":{"line":110,"column":17},"end":{"line":110,"column":null}},"41":{"start":{"line":111,"column":20},"end":{"line":111,"column":null}},"42":{"start":{"line":112,"column":19},"end":{"line":112,"column":null}},"43":{"start":{"line":114,"column":16},"end":{"line":114,"column":null}},"44":{"start":{"line":114,"column":43},"end":{"line":114,"column":51}},"45":{"start":{"line":115,"column":21},"end":{"line":115,"column":null}},"46":{"start":{"line":115,"column":44},"end":{"line":115,"column":58}},"47":{"start":{"line":117,"column":2},"end":{"line":119,"column":null}},"48":{"start":{"line":118,"column":4},"end":{"line":118,"column":null}},"49":{"start":{"line":121,"column":2},"end":{"line":127,"column":null}},"50":{"start":{"line":122,"column":4},"end":{"line":122,"column":null}},"51":{"start":{"line":122,"column":23},"end":{"line":122,"column":null}},"52":{"start":{"line":123,"column":17},"end":{"line":123,"column":null}},"53":{"start":{"line":124,"column":4},"end":{"line":124,"column":null}},"54":{"start":{"line":125,"column":4},"end":{"line":125,"column":null}},"55":{"start":{"line":126,"column":4},"end":{"line":126,"column":null}},"56":{"start":{"line":130,"column":23},"end":{"line":130,"column":null}},"57":{"start":{"line":130,"column":41},"end":{"line":130,"column":60}},"58":{"start":{"line":131,"column":24},"end":{"line":131,"column":null}},"59":{"start":{"line":133,"column":2},"end":{"line":137,"column":null}},"60":{"start":{"line":141,"column":2},"end":{"line":141,"column":null}},"61":{"start":{"line":144,"column":37},"end":{"line":166,"column":null}}},"fnMap":{"0":{"name":"calcularPMP","decl":{"start":{"line":12,"column":16},"end":{"line":12,"column":27}},"loc":{"start":{"line":12,"column":37},"end":{"line":17,"column":null}},"line":12},"1":{"name":"(anonymous_1)","decl":{"start":{"line":13,"column":39},"end":{"line":13,"column":40}},"loc":{"start":{"line":13,"column":49},"end":{"line":13,"column":63}},"line":13},"2":{"name":"(anonymous_2)","decl":{"start":{"line":14,"column":39},"end":{"line":14,"column":40}},"loc":{"start":{"line":14,"column":49},"end":{"line":14,"column":73}},"line":14},"3":{"name":"salida_PMP","decl":{"start":{"line":26,"column":16},"end":{"line":26,"column":26}},"loc":{"start":{"line":26,"column":52},"end":{"line":44,"column":null}},"line":26},"4":{"name":"(anonymous_4)","decl":{"start":{"line":28,"column":39},"end":{"line":28,"column":40}},"loc":{"start":{"line":28,"column":49},"end":{"line":28,"column":63}},"line":28},"5":{"name":"(anonymous_5)","decl":{"start":{"line":36,"column":33},"end":{"line":36,"column":34}},"loc":{"start":{"line":36,"column":39},"end":{"line":36,"column":78}},"line":36},"6":{"name":"(anonymous_6)","decl":{"start":{"line":37,"column":12},"end":{"line":37,"column":13}},"loc":{"start":{"line":37,"column":17},"end":{"line":37,"column":36}},"line":37},"7":{"name":"salida_FIFO","decl":{"start":{"line":53,"column":16},"end":{"line":53,"column":27}},"loc":{"start":{"line":53,"column":53},"end":{"line":56,"column":null}},"line":53},"8":{"name":"(anonymous_8)","decl":{"start":{"line":54,"column":38},"end":{"line":54,"column":39}},"loc":{"start":{"line":54,"column":48},"end":{"line":54,"column":85}},"line":54},"9":{"name":"salida_LIFO","decl":{"start":{"line":65,"column":16},"end":{"line":65,"column":27}},"loc":{"start":{"line":65,"column":53},"end":{"line":68,"column":null}},"line":65},"10":{"name":"(anonymous_10)","decl":{"start":{"line":66,"column":38},"end":{"line":66,"column":39}},"loc":{"start":{"line":66,"column":48},"end":{"line":66,"column":85}},"line":66},"11":{"name":"procesarSalida","decl":{"start":{"line":73,"column":16},"end":{"line":73,"column":30}},"loc":{"start":{"line":73,"column":67},"end":{"line":80,"column":null}},"line":73},"12":{"name":"valorarStock","decl":{"start":{"line":85,"column":16},"end":{"line":85,"column":28}},"loc":{"start":{"line":85,"column":55},"end":{"line":104,"column":null}},"line":85},"13":{"name":"(anonymous_13)","decl":{"start":{"line":91,"column":33},"end":{"line":91,"column":34}},"loc":{"start":{"line":91,"column":43},"end":{"line":91,"column":57}},"line":91},"14":{"name":"(anonymous_14)","decl":{"start":{"line":96,"column":35},"end":{"line":96,"column":36}},"loc":{"start":{"line":96,"column":45},"end":{"line":96,"column":69}},"line":96},"15":{"name":"(anonymous_15)","decl":{"start":{"line":99,"column":35},"end":{"line":99,"column":36}},"loc":{"start":{"line":99,"column":45},"end":{"line":99,"column":69}},"line":99},"16":{"name":"(anonymous_16)","decl":{"start":{"line":102,"column":35},"end":{"line":102,"column":36}},"loc":{"start":{"line":102,"column":45},"end":{"line":102,"column":69}},"line":102},"17":{"name":"_procesar_salida","decl":{"start":{"line":109,"column":9},"end":{"line":109,"column":25}},"loc":{"start":{"line":109,"column":60},"end":{"line":138,"column":null}},"line":109},"18":{"name":"(anonymous_18)","decl":{"start":{"line":114,"column":37},"end":{"line":114,"column":38}},"loc":{"start":{"line":114,"column":43},"end":{"line":114,"column":51}},"line":114},"19":{"name":"(anonymous_19)","decl":{"start":{"line":115,"column":34},"end":{"line":115,"column":35}},"loc":{"start":{"line":115,"column":44},"end":{"line":115,"column":58}},"line":115},"20":{"name":"(anonymous_20)","decl":{"start":{"line":130,"column":36},"end":{"line":130,"column":37}},"loc":{"start":{"line":130,"column":41},"end":{"line":130,"column":60}},"line":130},"21":{"name":"round2","decl":{"start":{"line":140,"column":16},"end":{"line":140,"column":22}},"loc":{"start":{"line":140,"column":26},"end":{"line":142,"column":null}},"line":140}},"branchMap":{"0":{"loc":{"start":{"line":15,"column":2},"end":{"line":15,"column":null}},"type":"if","locations":[{"start":{"line":15,"column":2},"end":{"line":15,"column":null}},{"start":{},"end":{}}],"line":15},"1":{"loc":{"start":{"line":30,"column":2},"end":{"line":32,"column":null}},"type":"if","locations":[{"start":{"line":30,"column":2},"end":{"line":32,"column":null}},{"start":{},"end":{}}],"line":30},"2":{"loc":{"start":{"line":73,"column":50},"end":{"line":73,"column":65}},"type":"default-arg","locations":[{"start":{"line":73,"column":60},"end":{"line":73,"column":65}}],"line":73},"3":{"loc":{"start":{"line":74,"column":2},"end":{"line":79,"column":null}},"type":"switch","locations":[{"start":{"line":75,"column":4},"end":{"line":75,"column":null}},{"start":{"line":76,"column":4},"end":{"line":76,"column":null}},{"start":{"line":77,"column":4},"end":{"line":77,"column":null}},{"start":{"line":78,"column":4},"end":{"line":78,"column":null}}],"line":74},"4":{"loc":{"start":{"line":85,"column":38},"end":{"line":85,"column":53}},"type":"default-arg","locations":[{"start":{"line":85,"column":48},"end":{"line":85,"column":53}}],"line":85},"5":{"loc":{"start":{"line":86,"column":2},"end":{"line":86,"column":null}},"type":"if","locations":[{"start":{"line":86,"column":2},"end":{"line":86,"column":null}},{"start":{},"end":{}}],"line":86},"6":{"loc":{"start":{"line":86,"column":6},"end":{"line":86,"column":38}},"type":"binary-expr","locations":[{"start":{"line":86,"column":6},"end":{"line":86,"column":14}},{"start":{"line":86,"column":18},"end":{"line":86,"column":38}}],"line":86},"7":{"loc":{"start":{"line":88,"column":2},"end":{"line":103,"column":null}},"type":"switch","locations":[{"start":{"line":89,"column":4},"end":{"line":93,"column":null}},{"start":{"line":94,"column":4},"end":{"line":97,"column":null}},{"start":{"line":98,"column":4},"end":{"line":100,"column":null}},{"start":{"line":101,"column":4},"end":{"line":102,"column":null}}],"line":88},"8":{"loc":{"start":{"line":117,"column":2},"end":{"line":119,"column":null}},"type":"if","locations":[{"start":{"line":117,"column":2},"end":{"line":119,"column":null}},{"start":{},"end":{}}],"line":117},"9":{"loc":{"start":{"line":122,"column":4},"end":{"line":122,"column":null}},"type":"if","locations":[{"start":{"line":122,"column":4},"end":{"line":122,"column":null}},{"start":{},"end":{}}],"line":122},"10":{"loc":{"start":{"line":131,"column":24},"end":{"line":131,"column":null}},"type":"cond-expr","locations":[{"start":{"line":131,"column":45},"end":{"line":131,"column":72}},{"start":{"line":131,"column":75},"end":{"line":131,"column":null}}],"line":131}},"s":{"0":9,"1":15,"2":9,"3":15,"4":9,"5":1,"6":8,"7":5,"8":5,"9":10,"10":5,"11":1,"12":4,"13":4,"14":8,"15":8,"16":4,"17":6,"18":6,"19":6,"20":3,"21":3,"22":3,"23":3,"24":1,"25":1,"26":1,"27":6,"28":2,"29":4,"30":1,"31":1,"32":2,"33":1,"34":1,"35":2,"36":1,"37":2,"38":1,"39":2,"40":9,"41":9,"42":9,"43":9,"44":18,"45":9,"46":18,"47":9,"48":1,"49":8,"50":15,"51":7,"52":8,"53":8,"54":8,"55":8,"56":8,"57":16,"58":8,"59":9,"60":36,"61":1},"f":{"0":9,"1":15,"2":15,"3":5,"4":10,"5":8,"6":8,"7":6,"8":6,"9":3,"10":3,"11":3,"12":6,"13":2,"14":2,"15":2,"16":2,"17":9,"18":18,"19":18,"20":16,"21":36},"b":{"0":[1,8],"1":[1,4],"2":[3],"3":[1,1,1,1],"4":[6],"5":[2,4],"6":[6,5],"7":[4,1,1,1],"8":[1,8],"9":[7,8],"10":[7,1]},"meta":{"lastBranch":11,"lastFunction":22,"lastStatement":62,"seen":{"f:12:16:12:27":0,"s:13:24:13:Infinity":0,"f:13:39:13:40":1,"s:13:49:13:63":1,"s:14:24:14:Infinity":2,"f:14:39:14:40":2,"s:14:49:14:73":3,"b:15:2:15:Infinity:undefined:undefined:undefined:undefined":0,"s:15:2:15:Infinity":4,"s:15:27:15:Infinity":5,"s:16:2:16:Infinity":6,"f:26:16:26:26":3,"s:27:24:27:Infinity":7,"s:28:24:28:Infinity":8,"f:28:39:28:40":4,"s:28:49:28:63":9,"b:30:2:32:Infinity:undefined:undefined:undefined:undefined":1,"s:30:2:32:Infinity":10,"s:31:4:31:Infinity":11,"s:35:21:35:Infinity":12,"s:36:21:37:Infinity":13,"f:36:33:36:34":5,"s:36:39:36:78":14,"f:37:12:37:13":6,"s:37:17:37:36":15,"s:39:2:43:Infinity":16,"f:53:16:53:27":7,"s:54:20:54:Infinity":17,"f:54:38:54:39":8,"s:54:48:54:85":18,"s:55:2:55:Infinity":19,"f:65:16:65:27":9,"s:66:20:66:Infinity":20,"f:66:38:66:39":10,"s:66:48:66:85":21,"s:67:2:67:Infinity":22,"f:73:16:73:30":11,"b:73:60:73:65":2,"b:75:4:75:Infinity:76:4:76:Infinity:77:4:77:Infinity:78:4:78:Infinity":3,"s:74:2:79:Infinity":23,"s:75:17:75:Infinity":24,"s:76:17:76:Infinity":25,"s:78:17:78:Infinity":26,"f:85:16:85:28":12,"b:85:48:85:53":4,"b:86:2:86:Infinity:undefined:undefined:undefined:undefined":5,"s:86:2:86:Infinity":27,"b:86:6:86:14:86:18:86:38":6,"s:86:40:86:Infinity":28,"b:89:4:93:Infinity:94:4:97:Infinity:98:4:100:Infinity:101:4:102:Infinity":7,"s:88:2:103:Infinity":29,"s:90:18:90:Infinity":30,"s:91:18:91:Infinity":31,"f:91:33:91:34":13,"s:91:43:91:57":32,"s:92:6:92:Infinity":33,"s:96:6:96:Infinity":34,"f:96:35:96:36":14,"s:96:45:96:69":35,"s:99:6:99:Infinity":36,"f:99:35:99:36":15,"s:99:45:99:69":37,"s:102:6:102:Infinity":38,"f:102:35:102:36":16,"s:102:45:102:69":39,"f:109:9:109:25":17,"s:110:17:110:Infinity":40,"s:111:20:111:Infinity":41,"s:112:19:112:Infinity":42,"s:114:16:114:Infinity":43,"f:114:37:114:38":18,"s:114:43:114:51":44,"s:115:21:115:Infinity":45,"f:115:34:115:35":19,"s:115:44:115:58":46,"b:117:2:119:Infinity:undefined:undefined:undefined:undefined":8,"s:117:2:119:Infinity":47,"s:118:4:118:Infinity":48,"s:121:2:127:Infinity":49,"b:122:4:122:Infinity:undefined:undefined:undefined:undefined":9,"s:122:4:122:Infinity":50,"s:122:23:122:Infinity":51,"s:123:17:123:Infinity":52,"s:124:4:124:Infinity":53,"s:125:4:125:Infinity":54,"s:126:4:126:Infinity":55,"s:130:23:130:Infinity":56,"f:130:36:130:37":20,"s:130:41:130:60":57,"s:131:24:131:Infinity":58,"b:131:45:131:72:131:75:131:Infinity":10,"s:133:2:137:Infinity":59,"f:140:16:140:22":21,"s:141:2:141:Infinity":60,"s:144:37:166:Infinity":61}}}
}
